-------------------------------------------------------------------------------
Test set: com.example.demo.controller.HomeControllerTest
-------------------------------------------------------------------------------
Tests run: 9, Failures: 2, Errors: 0, Skipped: 0, Time elapsed: 0.820 s <<< FAILURE! -- in com.example.demo.controller.HomeControllerTest
com.example.demo.controller.HomeControllerTest.testMediumPassword -- Time elapsed: 0.015 s <<< FAILURE!
java.lang.AssertionError: 
Response content expected:<Medium
> but was:<Strong
>
	at org.springframework.test.util.AssertionErrors.fail(AssertionErrors.java:61)
	at org.springframework.test.util.AssertionErrors.assertEquals(AssertionErrors.java:128)
	at org.springframework.test.web.servlet.result.ContentResultMatchers.lambda$string$4(ContentResultMatchers.java:148)
	at org.springframework.test.web.servlet.MockMvc$1.andExpect(MockMvc.java:214)
	at com.example.demo.controller.HomeControllerTest.testMediumPassword(HomeControllerTest.java:92)
	at java.base/java.lang.reflect.Method.invoke(Method.java:580)
	at java.base/java.util.ArrayList.forEach(ArrayList.java:1596)
	at java.base/java.util.ArrayList.forEach(ArrayList.java:1596)

com.example.demo.controller.HomeControllerTest.testSayHiBackDefaultValue -- Time elapsed: 0.013 s <<< FAILURE!
java.lang.AssertionError: 
Response content
Expected: a string containing "Echo: Enjoy your day!"
     but: was "Echo: Enjoy␣your␣day!
"
	at org.hamcrest.MatcherAssert.assertThat(MatcherAssert.java:20)
	at org.springframework.test.web.servlet.result.ContentResultMatchers.lambda$string$3(ContentResultMatchers.java:141)
	at org.springframework.test.web.servlet.MockMvc$1.andExpect(MockMvc.java:214)
	at com.example.demo.controller.HomeControllerTest.testSayHiBackDefaultValue(HomeControllerTest.java:47)
	at java.base/java.lang.reflect.Method.invoke(Method.java:580)
	at java.base/java.util.ArrayList.forEach(ArrayList.java:1596)
	at java.base/java.util.ArrayList.forEach(ArrayList.java:1596)

