<?xml version="1.0" encoding="UTF-8"?>
<testsuite xmlns:xsi="http://www.w3.org/2001/XMLSchema-instance" xsi:noNamespaceSchemaLocation="https://maven.apache.org/surefire/maven-surefire-plugin/xsd/surefire-test-report.xsd" version="3.0.2" name="com.example.demo.controller.HomeControllerTest" time="0.82" tests="9" errors="0" skipped="0" failures="2">
  <properties>
[...]
</properties>
  <testcase name="testSayHiBack" classname="com.example.demo.controller.HomeControllerTest" time="0.084">
    <system-out><![CDATA[2025-10-31T01:28:33.108Z  INFO 16288 --- [demo] [           main] t.c.s.AnnotationConfigContextLoaderUtils : Could not detect default configuration classes for test class [com.example.demo.controller.HomeControllerTest]: HomeControllerTest does not declare any static, non-private, non-final, nested classes annotated with @Configuration.
2025-10-31T01:28:33.219Z  INFO 16288 --- [demo] [           main] .b.t.c.SpringBootTestContextBootstrapper : Found @SpringBootConfiguration com.example.demo.DemoApplication for test class com.example.demo.controller.HomeControllerTest

  .   ____          _            __ _ _
 /\\ / ___'_ __ _ _(_)_ __  __ _ \ \ \ \
( ( )\___ | '_ | '_| | '_ \/ _` | \ \ \ \
 \\/  ___)| |_)| | | | | || (_| |  ) ) ) )
  '  |____| .__|_| |_|_| |_\__, | / / / /
 =========|_|==============|___/=/_/_/_/

 :: Spring Boot ::                (v3.5.6)

2025-10-31T01:28:33.309Z  INFO 16288 --- [demo] [           main] c.e.demo.controller.HomeControllerTest   : Starting HomeControllerTest using Java 21.0.7 with PID 16288 (started by codespace in /workspaces/Lab6/micro-services/demo)
2025-10-31T01:28:33.310Z  INFO 16288 --- [demo] [           main] c.e.demo.controller.HomeControllerTest   : No active profile set, falling back to 1 default profile: "default"
2025-10-31T01:28:33.688Z  INFO 16288 --- [demo] [           main] o.s.b.t.m.w.SpringBootMockServletContext : Initializing Spring TestDispatcherServlet ''
2025-10-31T01:28:33.688Z  INFO 16288 --- [demo] [           main] o.s.t.web.servlet.TestDispatcherServlet  : Initializing Servlet ''
2025-10-31T01:28:33.692Z  INFO 16288 --- [demo] [           main] o.s.t.web.servlet.TestDispatcherServlet  : Completed initialization in 1 ms
2025-10-31T01:28:33.707Z  INFO 16288 --- [demo] [           main] c.e.demo.controller.HomeControllerTest   : Started HomeControllerTest in 0.478 seconds (process running for 5.012)
]]></system-out>
  </testcase>
  <testcase name="testOtherEndpoint" classname="com.example.demo.controller.HomeControllerTest" time="0.011"/>
  <testcase name="testVeryWeakPassword" classname="com.example.demo.controller.HomeControllerTest" time="0.008"/>
  <testcase name="testValidEmail" classname="com.example.demo.controller.HomeControllerTest" time="0.007"/>
  <testcase name="testHomeEndpoint" classname="com.example.demo.controller.HomeControllerTest" time="0.012"/>
  <testcase name="testMediumPassword" classname="com.example.demo.controller.HomeControllerTest" time="0.015">
    <failure message="Response content expected:&lt;Medium&#10;&gt; but was:&lt;Strong&#10;&gt;" type="java.lang.AssertionError"><![CDATA[java.lang.AssertionError: 
Response content expected:<Medium
> but was:<Strong
>
	at org.springframework.test.util.AssertionErrors.fail(AssertionErrors.java:61)
	at org.springframework.test.util.AssertionErrors.assertEquals(AssertionErrors.java:128)
	at org.springframework.test.web.servlet.result.ContentResultMatchers.lambda$string$4(ContentResultMatchers.java:148)
	at org.springframework.test.web.servlet.MockMvc$1.andExpect(MockMvc.java:214)
	at com.example.demo.controller.HomeControllerTest.testMediumPassword(HomeControllerTest.java:92)
	at java.base/java.lang.reflect.Method.invoke(Method.java:580)
	at java.base/java.util.ArrayList.forEach(ArrayList.java:1596)
	at java.base/java.util.ArrayList.forEach(ArrayList.java:1596)
]]></failure>
    <system-out><![CDATA[
MockHttpServletRequest:
      HTTP Method = POST
      Request URI = /check-password-strength
       Parameters = {password=[Password123]}
          Headers = [Content-Type:"application/json;charset=UTF-8"]
             Body = null
    Session Attrs = {}

Handler:
             Type = com.example.demo.controller.HomeController
           Method = com.example.demo.controller.HomeController#checkPasswordStrength(String)

Async:
    Async started = false
     Async result = null

Resolved Exception:
             Type = null

ModelAndView:
        View name = null
             View = null
            Model = null

FlashMap:
       Attributes = null

MockHttpServletResponse:
           Status = 200
    Error message = null
          Headers = [Content-Type:"text/plain;charset=UTF-8", Content-Length:"7"]
     Content type = text/plain;charset=UTF-8
             Body = Strong

    Forwarded URL = null
   Redirected URL = null
          Cookies = []
]]></system-out>
  </testcase>
  <testcase name="testStrongPassword" classname="com.example.demo.controller.HomeControllerTest" time="0.008"/>
  <testcase name="testSayHiBackDefaultValue" classname="com.example.demo.controller.HomeControllerTest" time="0.013">
    <failure message="Response content&#10;Expected: a string containing &quot;Echo: Enjoy your day!&quot;&#10;     but: was &quot;Echo: Enjoy␣your␣day!&#10;&quot;" type="java.lang.AssertionError"><![CDATA[java.lang.AssertionError: 
Response content
Expected: a string containing "Echo: Enjoy your day!"
     but: was "Echo: Enjoy␣your␣day!
"
	at org.hamcrest.MatcherAssert.assertThat(MatcherAssert.java:20)
	at org.springframework.test.web.servlet.result.ContentResultMatchers.lambda$string$3(ContentResultMatchers.java:141)
	at org.springframework.test.web.servlet.MockMvc$1.andExpect(MockMvc.java:214)
	at com.example.demo.controller.HomeControllerTest.testSayHiBackDefaultValue(HomeControllerTest.java:47)
	at java.base/java.lang.reflect.Method.invoke(Method.java:580)
	at java.base/java.util.ArrayList.forEach(ArrayList.java:1596)
	at java.base/java.util.ArrayList.forEach(ArrayList.java:1596)
]]></failure>
    <system-out><![CDATA[
MockHttpServletRequest:
      HTTP Method = POST
      Request URI = /say-hi-back
       Parameters = {}
          Headers = [Content-Type:"application/json;charset=UTF-8"]
             Body = null
    Session Attrs = {}

Handler:
             Type = com.example.demo.controller.HomeController
           Method = com.example.demo.controller.HomeController#say_hi_back(String)

Async:
    Async started = false
     Async result = null

Resolved Exception:
             Type = null

ModelAndView:
        View name = null
             View = null
            Model = null

FlashMap:
       Attributes = null

MockHttpServletResponse:
           Status = 201
    Error message = null
          Headers = [Content-Type:"text/plain;charset=UTF-8", Content-Length:"26"]
     Content type = text/plain;charset=UTF-8
             Body = Echo: Enjoy␣your␣day!

    Forwarded URL = null
   Redirected URL = null
          Cookies = []
]]></system-out>
  </testcase>
  <testcase name="testInvalidEmail" classname="com.example.demo.controller.HomeControllerTest" time="0.013"/>
</testsuite>